-------------------------------------------------  ------------  ------------  ------------  ------------  ------------  ------------  ------------  ------------  ------------  ------------  
                                             Name    Self CPU %      Self CPU   CPU total %     CPU total  CPU time avg     Self CUDA   Self CUDA %    CUDA total  CUDA time avg    # of Calls  
-------------------------------------------------  ------------  ------------  ------------  ------------  ------------  ------------  ------------  ------------  ------------  ------------  
               aten::scaled_dot_product_attention         0.35%     216.000us        99.95%      62.309ms      62.309ms     180.000us         0.29%      62.325ms      62.325ms             1  
                               aten::masked_fill_         0.12%      72.000us        78.96%      49.222ms      49.222ms      49.269ms        79.05%      49.269ms      49.269ms             1  
                                aten::logical_not         0.16%     101.000us        23.66%      14.748ms       7.374ms       7.326ms        11.75%      14.653ms       7.327ms             2  
                                 aten::zeros_like         0.04%      26.000us         5.99%       3.735ms       3.735ms      27.000us         0.04%       3.788ms       3.788ms             1  
                                      aten::zero_         0.04%      28.000us         5.85%       3.649ms       3.649ms      52.000us         0.08%       3.706ms       3.706ms             1  
                                      aten::fill_         0.06%      38.000us         5.80%       3.613ms       3.613ms       3.654ms         5.86%       3.654ms       3.654ms             1  
    aten::_scaled_dot_product_efficient_attention         0.12%      77.000us         2.66%       1.657ms       1.657ms      22.000us         0.04%       1.676ms       1.676ms             1  
               aten::_efficient_attention_forward         0.12%      74.000us         2.39%       1.487ms       1.487ms       1.445ms         2.32%       1.457ms       1.457ms             1  
                                  aten::transpose         0.05%      32.000us         0.10%      62.000us      15.500us     169.000us         0.27%     197.000us      49.250us             4  
                                 aten::as_strided         0.02%      11.000us         0.02%      11.000us       2.200us      58.000us         0.09%      58.000us      11.600us             5  
-------------------------------------------------  ------------  ------------  ------------  ------------  ------------  ------------  ------------  ------------  ------------  ------------  
Self CPU time total: 62.339ms
Self CUDA time total: 62.325ms



--------------------------  ------------  ------------  ------------  ------------  ------------  ------------  ------------  ------------  ------------  ------------  
                      Name    Self CPU %      Self CPU   CPU total %     CPU total  CPU time avg     Self CUDA   Self CUDA %    CUDA total  CUDA time avg    # of Calls  
--------------------------  ------------  ------------  ------------  ------------  ------------  ------------  ------------  ------------  ------------  ------------  
                  aten::to         1.26%      39.000us        29.07%     898.000us     449.000us      40.000us         2.90%     912.000us     456.000us             2  
            aten::_to_copy        14.34%     443.000us        26.03%     804.000us     402.000us     551.000us        40.01%     872.000us     436.000us             2  
          aten::zeros_like         1.91%      59.000us        11.23%     347.000us     347.000us      84.000us         6.10%     356.000us     356.000us             1  
               aten::copy_         1.94%      60.000us         6.70%     207.000us     103.500us     219.000us        15.90%     219.000us     109.500us             2  
       aten::empty_strided         2.56%      79.000us         2.56%      79.000us      26.333us     173.000us        12.56%     173.000us      57.667us             3  
          aten::empty_like         2.23%      69.000us         4.73%     146.000us     146.000us      70.000us         5.08%     141.000us     141.000us             1  
               aten::zero_         0.55%      17.000us         3.17%      98.000us      49.000us      49.000us         3.56%     134.000us      67.000us             2  
               aten::fill_         1.17%      36.000us         2.46%      76.000us      38.000us      88.000us         6.39%      88.000us      44.000us             2  
                aten::full         0.74%      23.000us         1.42%      44.000us      44.000us      59.000us         4.28%      68.000us      68.000us             1  
               aten::zeros         0.68%      21.000us         1.26%      39.000us      39.000us      19.000us         1.38%      41.000us      41.000us             1  
--------------------------  ------------  ------------  ------------  ------------  ------------  ------------  ------------  ------------  ------------  ------------  
Self CPU time total: 3.089ms
Self CUDA time total: 1.377ms
